#
# There is insufficient memory for the Java Runtime Environment to continue.
# Native memory allocation (malloc) failed to allocate 32744 bytes for ChunkPool::allocate
# Possible reasons:
#   The system is out of physical RAM or swap space
#   In 32 bit mode, the process size limit was hit
# Possible solutions:
#   Reduce memory load on the system
#   Increase physical memory or swap space
#   Check if swap backing store is full
#   Use 64 bit Java on a 64 bit OS
#   Decrease Java heap size (-Xmx/-Xms)
#   Decrease number of Java threads
#   Decrease Java thread stack sizes (-Xss)
#   Set larger code cache with -XX:ReservedCodeCacheSize=
# This output file may be truncated or incomplete.
#
#  Out of Memory Error (allocation.cpp:211), pid=8144, tid=7504
#
# JRE version: 6.0_29-b11
# Java VM: Java HotSpot(TM) 64-Bit Server VM (20.4-b02 mixed mode windows-amd64 compressed oops)

---------------  T H R E A D  ---------------

Current thread (0x000000000668c000):  JavaThread "C2 CompilerThread0" daemon [_thread_in_native, id=7504, stack(0x0000000006a30000,0x0000000006b30000)]

Stack: [0x0000000006a30000,0x0000000006b30000]

Current CompileTask:
C2: 271143 673      org.mortbay.util.Scanner.reportDifferences(Ljava/util/Map;Ljava/util/Map;)V (349 bytes)


---------------  P R O C E S S  ---------------

Java Threads: ( => current thread )
  0x0000000007c52800 JavaThread "1428288751@qtp-62541846-7" [_thread_blocked, id=1600, stack(0x000000000bad0000,0x000000000bbd0000)]
  0x0000000007c54800 JavaThread "650885083@qtp-62541846-5" [_thread_blocked, id=7028, stack(0x000000000bdd0000,0x000000000bed0000)]
  0x0000000007c51800 JavaThread "Timer-3" daemon [_thread_blocked, id=6344, stack(0x000000000b9d0000,0x000000000bad0000)]
  0x0000000007c51000 JavaThread "Timer-2" daemon [_thread_blocked, id=5620, stack(0x000000000b8d0000,0x000000000b9d0000)]
  0x0000000007c50000 JavaThread "org.apache.commons.vfs.cache.SoftRefFilesCache$SoftRefReleaseThread" daemon [_thread_blocked, id=7644, stack(0x000000000b7d0000,0x000000000b8d0000)]
  0x000000000a02e000 JavaThread "Timer-1" daemon [_thread_blocked, id=7992, stack(0x000000000b6d0000,0x000000000b7d0000)]
  0x00000000081bb000 JavaThread "Timer-0" daemon [_thread_blocked, id=7804, stack(0x000000000b490000,0x000000000b590000)]
  0x0000000007176800 JavaThread "1972755893@qtp-62541846-1 - Acceptor0 SelectChannelConnector@0.0.0.0:8080" [_thread_in_native, id=8012, stack(0x000000000afa0000,0x000000000b0a0000)]
  0x00000000089e7800 JavaThread "191621102@qtp-62541846-0" [_thread_blocked, id=6764, stack(0x000000000aea0000,0x000000000afa0000)]
  0x0000000007901000 JavaThread "pool-1-thread-5" [_thread_blocked, id=7220, stack(0x0000000009dd0000,0x0000000009ed0000)]
  0x0000000008563800 JavaThread "pool-1-thread-4" [_thread_blocked, id=7944, stack(0x0000000009cd0000,0x0000000009dd0000)]
  0x0000000006e6c000 JavaThread "pool-1-thread-3" [_thread_blocked, id=7764, stack(0x0000000008c00000,0x0000000008d00000)]
  0x0000000007311800 JavaThread "pool-1-thread-2" [_thread_blocked, id=5616, stack(0x0000000008b00000,0x0000000008c00000)]
  0x0000000006f08800 JavaThread "pool-1-thread-1" [_thread_blocked, id=3876, stack(0x0000000008a00000,0x0000000008b00000)]
  0x000000000669c800 JavaThread "Low Memory Detector" daemon [_thread_blocked, id=3336, stack(0x0000000006c30000,0x0000000006d30000)]
  0x0000000006691000 JavaThread "C2 CompilerThread1" daemon [_thread_blocked, id=5264, stack(0x0000000006b30000,0x0000000006c30000)]
=>0x000000000668c000 JavaThread "C2 CompilerThread0" daemon [_thread_in_native, id=7504, stack(0x0000000006a30000,0x0000000006b30000)]
  0x0000000006689800 JavaThread "Attach Listener" daemon [_thread_blocked, id=7036, stack(0x0000000006930000,0x0000000006a30000)]
  0x0000000006640000 JavaThread "Signal Dispatcher" daemon [_thread_blocked, id=8036, stack(0x0000000006830000,0x0000000006930000)]
  0x00000000002c8000 JavaThread "Finalizer" daemon [_thread_blocked, id=7304, stack(0x0000000006530000,0x0000000006630000)]
  0x00000000002c6800 JavaThread "Reference Handler" daemon [_thread_blocked, id=7268, stack(0x0000000006430000,0x0000000006530000)]
  0x000000000034b800 JavaThread "main" [_thread_blocked, id=6160, stack(0x00000000024b0000,0x00000000025b0000)]

Other Threads:
  0x00000000002be800 VMThread [stack: 0x0000000006330000,0x0000000006430000] [id=3660]
  0x00000000066af000 WatcherThread [stack: 0x0000000006d30000,0x0000000006e30000] [id=4336]

VM state:not at safepoint (normal execution)

VM Mutex/Monitor currently owned by a thread: None

Heap
 PSYoungGen      total 219264K, used 112560K [0x00000000eb200000, 0x0000000100000000, 0x0000000100000000)
  eden space 197568K, 56% used [0x00000000eb200000,0x00000000f1fec1b8,0x00000000f72f0000)
  from space 21696K, 0% used [0x00000000f72f0000,0x00000000f72f0000,0x00000000f8820000)
  to   space 21184K, 0% used [0x00000000feb50000,0x00000000feb50000,0x0000000100000000)
 PSOldGen        total 78336K, used 44287K [0x00000000c1600000, 0x00000000c6280000, 0x00000000eb200000)
  object space 78336K, 56% used [0x00000000c1600000,0x00000000c413fff0,0x00000000c6280000)
 PSPermGen       total 59392K, used 38950K [0x00000000bc400000, 0x00000000bfe00000, 0x00000000c1600000)
  object space 59392K, 65% used [0x00000000bc400000,0x00000000bea09b68,0x00000000bfe00000)

Code Cache  [0x00000000025b0000, 0x0000000002870000, 0x00000000055b0000)
 total_blobs=974 nmethods=587 adapters=339 free_code_cache=47588224 largest_free_block=26816

Dynamic libraries:
0x0000000000400000 - 0x000000000042e000 	C:\Program Files\Java\jdk1.6.0_29\bin\javaw.exe
0x0000000077940000 - 0x0000000077aec000 	C:\Windows\SYSTEM32\ntdll.dll
0x0000000077820000 - 0x000000007793f000 	C:\Windows\system32\kernel32.dll
0x000007fefd990000 - 0x000007fefd9fb000 	C:\Windows\system32\KERNELBASE.dll
0x000007fefde50000 - 0x000007fefdf2b000 	C:\Windows\system32\ADVAPI32.dll
0x000007feff680000 - 0x000007feff71f000 	C:\Windows\system32\msvcrt.dll
0x000007feff540000 - 0x000007feff55f000 	C:\Windows\SYSTEM32\sechost.dll
0x000007feff8a0000 - 0x000007feff9ce000 	C:\Windows\system32\RPCRT4.dll
0x00000000775e0000 - 0x00000000776da000 	C:\Windows\system32\USER32.dll
0x000007feff820000 - 0x000007feff887000 	C:\Windows\system32\GDI32.dll
0x000007fefdcc0000 - 0x000007fefdcce000 	C:\Windows\system32\LPK.dll
0x000007feff3e0000 - 0x000007feff4aa000 	C:\Windows\system32\USP10.dll
0x000007feff9d0000 - 0x000007feff9fe000 	C:\Windows\system32\IMM32.DLL
0x000007feffaa0000 - 0x000007feffba9000 	C:\Windows\system32\MSCTF.dll
0x000000006d890000 - 0x000000006e048000 	C:\Program Files\Java\jdk1.6.0_29\jre\bin\server\jvm.dll
0x000007fefda00000 - 0x000007fefda3b000 	C:\Windows\system32\WINMM.dll
0x000000006d800000 - 0x000000006d80e000 	C:\Program Files\Java\jdk1.6.0_29\jre\bin\verify.dll
0x000000006d450000 - 0x000000006d477000 	C:\Program Files\Java\jdk1.6.0_29\jre\bin\java.dll
0x000000006d850000 - 0x000000006d862000 	C:\Program Files\Java\jdk1.6.0_29\jre\bin\zip.dll
0x000007fefd540000 - 0x000007fefd597000 	C:\Windows\system32\apphelp.dll
0x000007fefcf40000 - 0x000007fefcf57000 	C:\Windows\system32\CRYPTSP.dll
0x000007fefcc40000 - 0x000007fefcc87000 	C:\Windows\system32\rsaenh.dll
0x000007fefc640000 - 0x000007fefc65e000 	C:\Windows\system32\USERENV.dll
0x000007fefd670000 - 0x000007fefd67f000 	C:\Windows\system32\profapi.dll
0x000007fefd5a0000 - 0x000007fefd5af000 	C:\Windows\system32\CRYPTBASE.dll
0x000000006d6a0000 - 0x000000006d6b7000 	C:\Program Files\Java\jdk1.6.0_29\jre\bin\net.dll
0x000007fefdf30000 - 0x000007fefdf7d000 	C:\Windows\system32\WS2_32.dll
0x000007feff890000 - 0x000007feff898000 	C:\Windows\system32\NSI.dll
0x000007fefcee0000 - 0x000007fefcf34000 	C:\Windows\system32\mswsock.dll
0x000007fefced0000 - 0x000007fefced7000 	C:\Windows\System32\wship6.dll
0x000007fefb1b0000 - 0x000007fefb1c5000 	C:\Windows\system32\NLAapi.dll
0x000007fefcd60000 - 0x000007fefcdbb000 	C:\Windows\system32\DNSAPI.dll
0x000007fef9650000 - 0x000007fef965b000 	C:\Windows\System32\winrnr.dll
0x000007fef9620000 - 0x000007fef9635000 	C:\Windows\system32\napinsp.dll
0x000007fef9600000 - 0x000007fef9619000 	C:\Windows\system32\pnrpnsp.dll
0x000007fef95f0000 - 0x000007fef9600000 	C:\Windows\system32\wshbth.dll
0x0000000072b50000 - 0x0000000072b76000 	C:\Program Files\Bonjour\mdnsNSP.dll
0x000007fefa730000 - 0x000007fefa757000 	C:\Windows\system32\Iphlpapi.DLL
0x000007fefa720000 - 0x000007fefa72b000 	C:\Windows\system32\WINNSI.DLL
0x000007fefc530000 - 0x000007fefc537000 	C:\Windows\System32\wshtcpip.dll
0x000007fef9ac0000 - 0x000007fef9ac8000 	C:\Windows\system32\rasadhlp.dll
0x000007fefa5b0000 - 0x000007fefa603000 	C:\Windows\System32\fwpuclnt.dll
0x000000006d6c0000 - 0x000000006d6cb000 	C:\Program Files\Java\jdk1.6.0_29\jre\bin\nio.dll
0x0000000077b00000 - 0x0000000077b07000 	C:\Windows\system32\PSAPI.DLL

VM Arguments:
jvm_args: -Dmaven.home=C:\_D\severs\apache-maven-2.2.1 -Dclassworlds.conf=C:\_D\workspaces\javawork\.metadata\.plugins\org.maven.ide.eclipse\launches\m2conf4618667578000736058.tmp -Dfile.encoding=UTF-8 
java_command: org.codehaus.classworlds.Launcher -B -s C:\Users\PeterPan\.m2\settings.xml jetty:run
Launcher Type: SUN_STANDARD

Environment Variables:
JAVA_HOME=C:\Program Files\Java\jdk1.6.0_29
CLASSPATH=.;C:\Program Files\Java\jdk1.6.0_29\lib\tools.jar;C:\Program Files\Java\jdk1.6.0_29\lib\dt.jar;
PATH=C:/Program Files/Java/jdk1.6.0_29/bin/../jre/bin/server;C:/Program Files/Java/jdk1.6.0_29/bin/../jre/bin;C:\Program Files\Java\jdk1.6.0_29\bin;C:\Windows\system32;C:\Windows;C:\Windows\System32\Wbem;C:\Windows\System32\WindowsPowerShell\v1.0\;C:\Program Files\TortoiseSVN\bin;c:\Program Files (x86)\Microsoft SQL Server\100\Tools\Binn\;c:\Program Files\Microsoft SQL Server\100\Tools\Binn\;c:\Program Files\Microsoft SQL Server\100\DTS\Binn\;C:\cygwin\bin;C:\_D\severs\mysql-5.1.40-winx64\bin;C:\Program Files (x86)\Subversion\bin;C:\Program Files\TortoiseGit\bin;C:\msysgit\bin;C:\MinGW\bin;C:\Program Files (x86)\IDM Computer Solutions\UltraEdit\
USERNAME=PeterPan
OS=Windows_NT
PROCESSOR_IDENTIFIER=Intel64 Family 6 Model 42 Stepping 7, GenuineIntel



---------------  S Y S T E M  ---------------

OS: Windows 7 , 64 bit Build 7600 

CPU:total 4 (2 cores per cpu, 2 threads per core) family 6 model 42 stepping 7, cmov, cx8, fxsr, mmx, sse, sse2, sse3, ssse3, sse4.1, sse4.2, popcnt, ht

Memory: 4k page, physical 4102896k(847180k free), swap 4408200k(5188k free)

vm_info: Java HotSpot(TM) 64-Bit Server VM (20.4-b02) for windows-amd64 JRE (1.6.0_29-b11), built on Oct  3 2011 01:06:42 by "java_re" with MS VC++ 8.0 (VS2005)

time: Mon Mar 11 23:38:50 2013
elapsed time: 271 seconds

